[   37264ms] [WARNING] document.domain mutation is ignored because the surrounding agent cluster is origin-keyed. @ https://static001.geekbang.org/static/time/js/index.2a53e024.js:0
[   51713ms] [WARNING] The resource https://static001.geekbang.org/resource/image/05/f8/0500efc0942cc7321348029b32a383f8.png was preloaded using link preload but not used within a few seconds from the window's load event. Please make sure it has an appropriate `as` value and it is preloaded intentionally. @ https://account.geekbang.org/signin?redirect=https%3A%2F%2Ftime.geekbang.org%2Fcolumn%2Farticle%2F928176%3Fcode%3DpOsUqh75bTEqvziTmEyoJvqWpUi9%252525252FbTvXqWRXjoYuL0%252525253D:0
[   51713ms] [WARNING] The resource https://static001.geekbang.org/resource/image/45/f8/455a5061a7759963cec506ba32yyc4f8.png was preloaded using link preload but not used within a few seconds from the window's load event. Please make sure it has an appropriate `as` value and it is preloaded intentionally. @ https://account.geekbang.org/signin?redirect=https%3A%2F%2Ftime.geekbang.org%2Fcolumn%2Farticle%2F928176%3Fcode%3DpOsUqh75bTEqvziTmEyoJvqWpUi9%252525252FbTvXqWRXjoYuL0%252525253D:0
[   51713ms] [WARNING] The resource https://static001.geekbang.org/resource/image/ab/b3/ab37fbdeaa5051556d813cf4661817b3.png was preloaded using link preload but not used within a few seconds from the window's load event. Please make sure it has an appropriate `as` value and it is preloaded intentionally. @ https://account.geekbang.org/signin?redirect=https%3A%2F%2Ftime.geekbang.org%2Fcolumn%2Farticle%2F928176%3Fcode%3DpOsUqh75bTEqvziTmEyoJvqWpUi9%252525252FbTvXqWRXjoYuL0%252525253D:0
[   51713ms] [WARNING] The resource https://static001.geekbang.org/resource/image/f7/ee/f7f20708f7a637dfc0776ff68a3732ee.png was preloaded using link preload but not used within a few seconds from the window's load event. Please make sure it has an appropriate `as` value and it is preloaded intentionally. @ https://account.geekbang.org/signin?redirect=https%3A%2F%2Ftime.geekbang.org%2Fcolumn%2Farticle%2F928176%3Fcode%3DpOsUqh75bTEqvziTmEyoJvqWpUi9%252525252FbTvXqWRXjoYuL0%252525253D:0
[   52215ms] [WARNING] The ScriptProcessorNode is deprecated. Use AudioWorkletNode instead. (https://bit.ly/audio-worklet) @ https://g.alicdn.com/AWSC/fireyejs/1.231.69/fireyejs.js:0
[   56942ms] [WARNING] The resource https://static001.geekbang.org/resource/image/05/f8/0500efc0942cc7321348029b32a383f8.png was preloaded using link preload but not used within a few seconds from the window's load event. Please make sure it has an appropriate `as` value and it is preloaded intentionally. @ https://account.geekbang.org/login?redirect=https%3A%2F%2Ftime.geekbang.org%2Fcolumn%2Farticle%2F928176%3Fcode%3DpOsUqh75bTEqvziTmEyoJvqWpUi9%252525252FbTvXqWRXjoYuL0%252525253D:0
[   56942ms] [WARNING] The resource https://static001.geekbang.org/resource/image/45/f8/455a5061a7759963cec506ba32yyc4f8.png was preloaded using link preload but not used within a few seconds from the window's load event. Please make sure it has an appropriate `as` value and it is preloaded intentionally. @ https://account.geekbang.org/login?redirect=https%3A%2F%2Ftime.geekbang.org%2Fcolumn%2Farticle%2F928176%3Fcode%3DpOsUqh75bTEqvziTmEyoJvqWpUi9%252525252FbTvXqWRXjoYuL0%252525253D:0
[   56942ms] [WARNING] The resource https://static001.geekbang.org/resource/image/ab/b3/ab37fbdeaa5051556d813cf4661817b3.png was preloaded using link preload but not used within a few seconds from the window's load event. Please make sure it has an appropriate `as` value and it is preloaded intentionally. @ https://account.geekbang.org/login?redirect=https%3A%2F%2Ftime.geekbang.org%2Fcolumn%2Farticle%2F928176%3Fcode%3DpOsUqh75bTEqvziTmEyoJvqWpUi9%252525252FbTvXqWRXjoYuL0%252525253D:0
[   56942ms] [WARNING] The resource https://static001.geekbang.org/resource/image/f7/ee/f7f20708f7a637dfc0776ff68a3732ee.png was preloaded using link preload but not used within a few seconds from the window's load event. Please make sure it has an appropriate `as` value and it is preloaded intentionally. @ https://account.geekbang.org/login?redirect=https%3A%2F%2Ftime.geekbang.org%2Fcolumn%2Farticle%2F928176%3Fcode%3DpOsUqh75bTEqvziTmEyoJvqWpUi9%252525252FbTvXqWRXjoYuL0%252525253D:0
[   60385ms] [WARNING] The resource https://static001.geekbang.org/resource/image/05/f8/0500efc0942cc7321348029b32a383f8.png was preloaded using link preload but not used within a few seconds from the window's load event. Please make sure it has an appropriate `as` value and it is preloaded intentionally. @ https://account.geekbang.org/login?redirect=https%3A%2F%2Ftime.geekbang.org%2Fcolumn%2Farticle%2F928176%3Fcode%3DpOsUqh75bTEqvziTmEyoJvqWpUi9%252525252FbTvXqWRXjoYuL0%252525253D:0
[   60385ms] [WARNING] The resource https://static001.geekbang.org/resource/image/45/f8/455a5061a7759963cec506ba32yyc4f8.png was preloaded using link preload but not used within a few seconds from the window's load event. Please make sure it has an appropriate `as` value and it is preloaded intentionally. @ https://account.geekbang.org/login?redirect=https%3A%2F%2Ftime.geekbang.org%2Fcolumn%2Farticle%2F928176%3Fcode%3DpOsUqh75bTEqvziTmEyoJvqWpUi9%252525252FbTvXqWRXjoYuL0%252525253D:0
[   60385ms] [WARNING] The resource https://static001.geekbang.org/resource/image/ab/b3/ab37fbdeaa5051556d813cf4661817b3.png was preloaded using link preload but not used within a few seconds from the window's load event. Please make sure it has an appropriate `as` value and it is preloaded intentionally. @ https://account.geekbang.org/login?redirect=https%3A%2F%2Ftime.geekbang.org%2Fcolumn%2Farticle%2F928176%3Fcode%3DpOsUqh75bTEqvziTmEyoJvqWpUi9%252525252FbTvXqWRXjoYuL0%252525253D:0
[   60385ms] [WARNING] The resource https://static001.geekbang.org/resource/image/f7/ee/f7f20708f7a637dfc0776ff68a3732ee.png was preloaded using link preload but not used within a few seconds from the window's load event. Please make sure it has an appropriate `as` value and it is preloaded intentionally. @ https://account.geekbang.org/login?redirect=https%3A%2F%2Ftime.geekbang.org%2Fcolumn%2Farticle%2F928176%3Fcode%3DpOsUqh75bTEqvziTmEyoJvqWpUi9%252525252FbTvXqWRXjoYuL0%252525253D:0
[   70180ms] [WARNING] The resource https://static001.geekbang.org/resource/image/05/f8/0500efc0942cc7321348029b32a383f8.png was preloaded using link preload but not used within a few seconds from the window's load event. Please make sure it has an appropriate `as` value and it is preloaded intentionally. @ https://account.geekbang.org/login?redirect=https%3A%2F%2Ftime.geekbang.org%2Fcolumn%2Farticle%2F928176%3Fcode%3DpOsUqh75bTEqvziTmEyoJvqWpUi9%252525252FbTvXqWRXjoYuL0%252525253D:0
[   70180ms] [WARNING] The resource https://static001.geekbang.org/resource/image/45/f8/455a5061a7759963cec506ba32yyc4f8.png was preloaded using link preload but not used within a few seconds from the window's load event. Please make sure it has an appropriate `as` value and it is preloaded intentionally. @ https://account.geekbang.org/login?redirect=https%3A%2F%2Ftime.geekbang.org%2Fcolumn%2Farticle%2F928176%3Fcode%3DpOsUqh75bTEqvziTmEyoJvqWpUi9%252525252FbTvXqWRXjoYuL0%252525253D:0
[   70180ms] [WARNING] The resource https://static001.geekbang.org/resource/image/ab/b3/ab37fbdeaa5051556d813cf4661817b3.png was preloaded using link preload but not used within a few seconds from the window's load event. Please make sure it has an appropriate `as` value and it is preloaded intentionally. @ https://account.geekbang.org/login?redirect=https%3A%2F%2Ftime.geekbang.org%2Fcolumn%2Farticle%2F928176%3Fcode%3DpOsUqh75bTEqvziTmEyoJvqWpUi9%252525252FbTvXqWRXjoYuL0%252525253D:0
[   70180ms] [WARNING] The resource https://static001.geekbang.org/resource/image/f7/ee/f7f20708f7a637dfc0776ff68a3732ee.png was preloaded using link preload but not used within a few seconds from the window's load event. Please make sure it has an appropriate `as` value and it is preloaded intentionally. @ https://account.geekbang.org/login?redirect=https%3A%2F%2Ftime.geekbang.org%2Fcolumn%2Farticle%2F928176%3Fcode%3DpOsUqh75bTEqvziTmEyoJvqWpUi9%252525252FbTvXqWRXjoYuL0%252525253D:0
[   75060ms] [WARNING] document.domain mutation is ignored because the surrounding agent cluster is origin-keyed. @ https://static001.geekbang.org/static/time/js/index.2a53e024.js:0
[  349279ms] [WARNING] Mixed Content: The page at 'https://time.geekbang.org/column/article/928707?code=pOsUqh75bTEqvziTmEyoJvqWpUi9%2FbTvXqWRXjoYuL0%3D' was loaded over HTTPS, but requested an insecure element 'http://thirdwx.qlogo.cn/mmopen/vi_32/DYAIOgq83erD8CwHKGGIia1HwRBxy5GxMLTfGGzOeLjrmZ6ich9Ng7bbPia89iaSibbldnV4uiaKNXFcO2vQ3ztibCrDw/132'. This request was automatically upgraded to HTTPS, For more information see https://blog.chromium.org/2019/10/no-more-mixed-messages-about-https.html @ https://time.geekbang.org/column/article/928707?code=pOsUqh75bTEqvziTmEyoJvqWpUi9%2FbTvXqWRXjoYuL0%3D:0
[  397194ms] [WARNING] Mixed Content: The page at 'https://time.geekbang.org/column/article/929541?code=pOsUqh75bTEqvziTmEyoJvqWpUi9%2FbTvXqWRXjoYuL0%3D' was loaded over HTTPS, but requested an insecure element 'http://thirdwx.qlogo.cn/mmopen/vi_32/DYAIOgq83erD8CwHKGGIia1HwRBxy5GxMLTfGGzOeLjrmZ6ich9Ng7bbPia89iaSibbldnV4uiaKNXFcO2vQ3ztibCrDw/132'. This request was automatically upgraded to HTTPS, For more information see https://blog.chromium.org/2019/10/no-more-mixed-messages-about-https.html @ https://time.geekbang.org/column/article/929541?code=pOsUqh75bTEqvziTmEyoJvqWpUi9%2FbTvXqWRXjoYuL0%3D:0
[  436907ms] [WARNING] LaTeX-incompatible input and strict mode is set to 'warn': Unicode text character "精" used in math mode [unicodeTextInMathMode] @ https://static001.geekbang.org/static/time/js/katex.f3817a93026e8eaf1793e7b770cf588e.js:0
[  436908ms] [WARNING] LaTeX-incompatible input and strict mode is set to 'warn': Unicode text character "确" used in math mode [unicodeTextInMathMode] @ https://static001.geekbang.org/static/time/js/katex.f3817a93026e8eaf1793e7b770cf588e.js:0
[  436908ms] [WARNING] LaTeX-incompatible input and strict mode is set to 'warn': Unicode text character "度" used in math mode [unicodeTextInMathMode] @ https://static001.geekbang.org/static/time/js/katex.f3817a93026e8eaf1793e7b770cf588e.js:0
[  436910ms] [WARNING] No character metrics for '精' in style 'Main-Regular' @ https://static001.geekbang.org/static/time/js/katex.f3817a93026e8eaf1793e7b770cf588e.js:0
[  436910ms] [WARNING] No character metrics for '确' in style 'Main-Regular' @ https://static001.geekbang.org/static/time/js/katex.f3817a93026e8eaf1793e7b770cf588e.js:0
[  436910ms] [WARNING] No character metrics for '度' in style 'Main-Regular' @ https://static001.geekbang.org/static/time/js/katex.f3817a93026e8eaf1793e7b770cf588e.js:0
[  436914ms] [WARNING] LaTeX-incompatible input and strict mode is set to 'warn': Unicode text character "精" used in math mode [unicodeTextInMathMode] @ https://static001.geekbang.org/static/time/js/katex.f3817a93026e8eaf1793e7b770cf588e.js:0
[  436914ms] [WARNING] LaTeX-incompatible input and strict mode is set to 'warn': Unicode text character "确" used in math mode [unicodeTextInMathMode] @ https://static001.geekbang.org/static/time/js/katex.f3817a93026e8eaf1793e7b770cf588e.js:0
[  436914ms] [WARNING] LaTeX-incompatible input and strict mode is set to 'warn': Unicode text character "度" used in math mode [unicodeTextInMathMode] @ https://static001.geekbang.org/static/time/js/katex.f3817a93026e8eaf1793e7b770cf588e.js:0
[  436914ms] [WARNING] No character metrics for '精' in style 'Main-Regular' @ https://static001.geekbang.org/static/time/js/katex.f3817a93026e8eaf1793e7b770cf588e.js:0
[  436915ms] [WARNING] No character metrics for '确' in style 'Main-Regular' @ https://static001.geekbang.org/static/time/js/katex.f3817a93026e8eaf1793e7b770cf588e.js:0
[  436915ms] [WARNING] No character metrics for '度' in style 'Main-Regular' @ https://static001.geekbang.org/static/time/js/katex.f3817a93026e8eaf1793e7b770cf588e.js:0
[  436918ms] [WARNING] LaTeX-incompatible input and strict mode is set to 'warn': Unicode text character "召" used in math mode [unicodeTextInMathMode] @ https://static001.geekbang.org/static/time/js/katex.f3817a93026e8eaf1793e7b770cf588e.js:0
[  436918ms] [WARNING] LaTeX-incompatible input and strict mode is set to 'warn': Unicode text character "回" used in math mode [unicodeTextInMathMode] @ https://static001.geekbang.org/static/time/js/katex.f3817a93026e8eaf1793e7b770cf588e.js:0
[  436919ms] [WARNING] LaTeX-incompatible input and strict mode is set to 'warn': Unicode text character "率" used in math mode [unicodeTextInMathMode] @ https://static001.geekbang.org/static/time/js/katex.f3817a93026e8eaf1793e7b770cf588e.js:0
[  436919ms] [WARNING] No character metrics for '召' in style 'Main-Regular' @ https://static001.geekbang.org/static/time/js/katex.f3817a93026e8eaf1793e7b770cf588e.js:0
[  436919ms] [WARNING] No character metrics for '回' in style 'Main-Regular' @ https://static001.geekbang.org/static/time/js/katex.f3817a93026e8eaf1793e7b770cf588e.js:0
[  436919ms] [WARNING] No character metrics for '率' in style 'Main-Regular' @ https://static001.geekbang.org/static/time/js/katex.f3817a93026e8eaf1793e7b770cf588e.js:0
[  436922ms] [WARNING] LaTeX-incompatible input and strict mode is set to 'warn': Unicode text character "召" used in math mode [unicodeTextInMathMode] @ https://static001.geekbang.org/static/time/js/katex.f3817a93026e8eaf1793e7b770cf588e.js:0
[  436922ms] [WARNING] LaTeX-incompatible input and strict mode is set to 'warn': Unicode text character "回" used in math mode [unicodeTextInMathMode] @ https://static001.geekbang.org/static/time/js/katex.f3817a93026e8eaf1793e7b770cf588e.js:0
[  436922ms] [WARNING] LaTeX-incompatible input and strict mode is set to 'warn': Unicode text character "率" used in math mode [unicodeTextInMathMode] @ https://static001.geekbang.org/static/time/js/katex.f3817a93026e8eaf1793e7b770cf588e.js:0
[  436922ms] [WARNING] LaTeX-incompatible input and strict mode is set to 'warn': Unicode text character "）" used in math mode [unicodeTextInMathMode] @ https://static001.geekbang.org/static/time/js/katex.f3817a93026e8eaf1793e7b770cf588e.js:0
[  436922ms] [WARNING] No character metrics for '召' in style 'Main-Regular' @ https://static001.geekbang.org/static/time/js/katex.f3817a93026e8eaf1793e7b770cf588e.js:0
[  436922ms] [WARNING] No character metrics for '回' in style 'Main-Regular' @ https://static001.geekbang.org/static/time/js/katex.f3817a93026e8eaf1793e7b770cf588e.js:0
[  436923ms] [WARNING] No character metrics for '率' in style 'Main-Regular' @ https://static001.geekbang.org/static/time/js/katex.f3817a93026e8eaf1793e7b770cf588e.js:0
[  436923ms] [WARNING] No character metrics for '）' in style 'Main-Regular' @ https://static001.geekbang.org/static/time/js/katex.f3817a93026e8eaf1793e7b770cf588e.js:0
[  436926ms] [WARNING] LaTeX-incompatible input and strict mode is set to 'warn': Unicode text character "分" used in math mode [unicodeTextInMathMode] @ https://static001.geekbang.org/static/time/js/katex.f3817a93026e8eaf1793e7b770cf588e.js:0
[  436927ms] [WARNING] LaTeX-incompatible input and strict mode is set to 'warn': Unicode text character "精" used in math mode [unicodeTextInMathMode] @ https://static001.geekbang.org/static/time/js/katex.f3817a93026e8eaf1793e7b770cf588e.js:0
[  436927ms] [WARNING] LaTeX-incompatible input and strict mode is set to 'warn': Unicode text character "确" used in math mode [unicodeTextInMathMode] @ https://static001.geekbang.org/static/time/js/katex.f3817a93026e8eaf1793e7b770cf588e.js:0
[  436927ms] [WARNING] LaTeX-incompatible input and strict mode is set to 'warn': Unicode text character "度" used in math mode [unicodeTextInMathMode] @ https://static001.geekbang.org/static/time/js/katex.f3817a93026e8eaf1793e7b770cf588e.js:0
[  436938ms] [WARNING] LaTeX-incompatible input and strict mode is set to 'warn': Unicode text character "召" used in math mode [unicodeTextInMathMode] @ https://static001.geekbang.org/static/time/js/katex.f3817a93026e8eaf1793e7b770cf588e.js:0
[  436939ms] [WARNING] LaTeX-incompatible input and strict mode is set to 'warn': Unicode text character "回" used in math mode [unicodeTextInMathMode] @ https://static001.geekbang.org/static/time/js/katex.f3817a93026e8eaf1793e7b770cf588e.js:0
[  436939ms] [WARNING] LaTeX-incompatible input and strict mode is set to 'warn': Unicode text character "率" used in math mode [unicodeTextInMathMode] @ https://static001.geekbang.org/static/time/js/katex.f3817a93026e8eaf1793e7b770cf588e.js:0
[  436939ms] [WARNING] LaTeX-incompatible input and strict mode is set to 'warn': Unicode text character "精" used in math mode [unicodeTextInMathMode] @ https://static001.geekbang.org/static/time/js/katex.f3817a93026e8eaf1793e7b770cf588e.js:0
[  436939ms] [WARNING] LaTeX-incompatible input and strict mode is set to 'warn': Unicode text character "确" used in math mode [unicodeTextInMathMode] @ https://static001.geekbang.org/static/time/js/katex.f3817a93026e8eaf1793e7b770cf588e.js:0
[  436939ms] [WARNING] LaTeX-incompatible input and strict mode is set to 'warn': Unicode text character "度" used in math mode [unicodeTextInMathMode] @ https://static001.geekbang.org/static/time/js/katex.f3817a93026e8eaf1793e7b770cf588e.js:0
[  436940ms] [WARNING] LaTeX-incompatible input and strict mode is set to 'warn': Unicode text character "召" used in math mode [unicodeTextInMathMode] @ https://static001.geekbang.org/static/time/js/katex.f3817a93026e8eaf1793e7b770cf588e.js:0
[  436940ms] [WARNING] LaTeX-incompatible input and strict mode is set to 'warn': Unicode text character "回" used in math mode [unicodeTextInMathMode] @ https://static001.geekbang.org/static/time/js/katex.f3817a93026e8eaf1793e7b770cf588e.js:0
[  436940ms] [WARNING] LaTeX-incompatible input and strict mode is set to 'warn': Unicode text character "率" used in math mode [unicodeTextInMathMode] @ https://static001.geekbang.org/static/time/js/katex.f3817a93026e8eaf1793e7b770cf588e.js:0
[  436940ms] [WARNING] No character metrics for '分' in style 'Main-Regular' @ https://static001.geekbang.org/static/time/js/katex.f3817a93026e8eaf1793e7b770cf588e.js:0
[  436940ms] [WARNING] No character metrics for '精' in style 'Main-Regular' @ https://static001.geekbang.org/static/time/js/katex.f3817a93026e8eaf1793e7b770cf588e.js:0
[  436940ms] [WARNING] No character metrics for '确' in style 'Main-Regular' @ https://static001.geekbang.org/static/time/js/katex.f3817a93026e8eaf1793e7b770cf588e.js:0
[  436941ms] [WARNING] No character metrics for '度' in style 'Main-Regular' @ https://static001.geekbang.org/static/time/js/katex.f3817a93026e8eaf1793e7b770cf588e.js:0
[  436941ms] [WARNING] No character metrics for '召' in style 'Main-Regular' @ https://static001.geekbang.org/static/time/js/katex.f3817a93026e8eaf1793e7b770cf588e.js:0
[  436941ms] [WARNING] No character metrics for '回' in style 'Main-Regular' @ https://static001.geekbang.org/static/time/js/katex.f3817a93026e8eaf1793e7b770cf588e.js:0
[  436941ms] [WARNING] No character metrics for '率' in style 'Main-Regular' @ https://static001.geekbang.org/static/time/js/katex.f3817a93026e8eaf1793e7b770cf588e.js:0
[  436941ms] [WARNING] No character metrics for '精' in style 'Main-Regular' @ https://static001.geekbang.org/static/time/js/katex.f3817a93026e8eaf1793e7b770cf588e.js:0
[  436941ms] [WARNING] No character metrics for '确' in style 'Main-Regular' @ https://static001.geekbang.org/static/time/js/katex.f3817a93026e8eaf1793e7b770cf588e.js:0
[  436941ms] [WARNING] No character metrics for '度' in style 'Main-Regular' @ https://static001.geekbang.org/static/time/js/katex.f3817a93026e8eaf1793e7b770cf588e.js:0
[  436942ms] [WARNING] No character metrics for '召' in style 'Main-Regular' @ https://static001.geekbang.org/static/time/js/katex.f3817a93026e8eaf1793e7b770cf588e.js:0
[  436942ms] [WARNING] No character metrics for '回' in style 'Main-Regular' @ https://static001.geekbang.org/static/time/js/katex.f3817a93026e8eaf1793e7b770cf588e.js:0
[  436942ms] [WARNING] No character metrics for '率' in style 'Main-Regular' @ https://static001.geekbang.org/static/time/js/katex.f3817a93026e8eaf1793e7b770cf588e.js:0
[  436953ms] [WARNING] LaTeX-incompatible input and strict mode is set to 'warn': Unicode text character "精" used in math mode [unicodeTextInMathMode] @ https://static001.geekbang.org/static/time/js/katex.f3817a93026e8eaf1793e7b770cf588e.js:0
[  436953ms] [WARNING] LaTeX-incompatible input and strict mode is set to 'warn': Unicode text character "度" used in math mode [unicodeTextInMathMode] @ https://static001.geekbang.org/static/time/js/katex.f3817a93026e8eaf1793e7b770cf588e.js:0
[  436953ms] [WARNING] LaTeX-incompatible input and strict mode is set to 'warn': Unicode text character "匹" used in math mode [unicodeTextInMathMode] @ https://static001.geekbang.org/static/time/js/katex.f3817a93026e8eaf1793e7b770cf588e.js:0
[  436953ms] [WARNING] LaTeX-incompatible input and strict mode is set to 'warn': Unicode text character "配" used in math mode [unicodeTextInMathMode] @ https://static001.geekbang.org/static/time/js/katex.f3817a93026e8eaf1793e7b770cf588e.js:0
[  436953ms] [WARNING] LaTeX-incompatible input and strict mode is set to 'warn': Unicode text character "数" used in math mode [unicodeTextInMathMode] @ https://static001.geekbang.org/static/time/js/katex.f3817a93026e8eaf1793e7b770cf588e.js:0
[  436954ms] [WARNING] LaTeX-incompatible input and strict mode is set to 'warn': Unicode text character "复" used in math mode [unicodeTextInMathMode] @ https://static001.geekbang.org/static/time/js/katex.f3817a93026e8eaf1793e7b770cf588e.js:0
[  436954ms] [WARNING] LaTeX-incompatible input and strict mode is set to 'warn': Unicode text character "述" used in math mode [unicodeTextInMathMode] @ https://static001.geekbang.org/static/time/js/katex.f3817a93026e8eaf1793e7b770cf588e.js:0
[  436954ms] [WARNING] LaTeX-incompatible input and strict mode is set to 'warn': Unicode text character "数" used in math mode [unicodeTextInMathMode] @ https://static001.geekbang.org/static/time/js/katex.f3817a93026e8eaf1793e7b770cf588e.js:0
[  436954ms] [WARNING] No character metrics for '精' in style 'Main-Regular' @ https://static001.geekbang.org/static/time/js/katex.f3817a93026e8eaf1793e7b770cf588e.js:0
[  436954ms] [WARNING] No character metrics for '度' in style 'Main-Regular' @ https://static001.geekbang.org/static/time/js/katex.f3817a93026e8eaf1793e7b770cf588e.js:0
[  436955ms] [WARNING] No character metrics for '匹' in style 'Main-Regular' @ https://static001.geekbang.org/static/time/js/katex.f3817a93026e8eaf1793e7b770cf588e.js:0
[  436955ms] [WARNING] No character metrics for '配' in style 'Main-Regular' @ https://static001.geekbang.org/static/time/js/katex.f3817a93026e8eaf1793e7b770cf588e.js:0
[  436955ms] [WARNING] No character metrics for '数' in style 'Main-Regular' @ https://static001.geekbang.org/static/time/js/katex.f3817a93026e8eaf1793e7b770cf588e.js:0
[  436955ms] [WARNING] No character metrics for '复' in style 'Main-Regular' @ https://static001.geekbang.org/static/time/js/katex.f3817a93026e8eaf1793e7b770cf588e.js:0
[  436955ms] [WARNING] No character metrics for '述' in style 'Main-Regular' @ https://static001.geekbang.org/static/time/js/katex.f3817a93026e8eaf1793e7b770cf588e.js:0
[  436955ms] [WARNING] No character metrics for '数' in style 'Main-Regular' @ https://static001.geekbang.org/static/time/js/katex.f3817a93026e8eaf1793e7b770cf588e.js:0
[  436960ms] [WARNING] LaTeX-incompatible input and strict mode is set to 'warn': Unicode text character "精" used in math mode [unicodeTextInMathMode] @ https://static001.geekbang.org/static/time/js/katex.f3817a93026e8eaf1793e7b770cf588e.js:0
[  436960ms] [WARNING] LaTeX-incompatible input and strict mode is set to 'warn': Unicode text character "度" used in math mode [unicodeTextInMathMode] @ https://static001.geekbang.org/static/time/js/katex.f3817a93026e8eaf1793e7b770cf588e.js:0
[  436960ms] [WARNING] LaTeX-incompatible input and strict mode is set to 'warn': Unicode text character "匹" used in math mode [unicodeTextInMathMode] @ https://static001.geekbang.org/static/time/js/katex.f3817a93026e8eaf1793e7b770cf588e.js:0
[  436960ms] [WARNING] LaTeX-incompatible input and strict mode is set to 'warn': Unicode text character "配" used in math mode [unicodeTextInMathMode] @ https://static001.geekbang.org/static/time/js/katex.f3817a93026e8eaf1793e7b770cf588e.js:0
[  436960ms] [WARNING] LaTeX-incompatible input and strict mode is set to 'warn': Unicode text character "数" used in math mode [unicodeTextInMathMode] @ https://static001.geekbang.org/static/time/js/katex.f3817a93026e8eaf1793e7b770cf588e.js:0
[  436960ms] [WARNING] LaTeX-incompatible input and strict mode is set to 'warn': Unicode text character "复" used in math mode [unicodeTextInMathMode] @ https://static001.geekbang.org/static/time/js/katex.f3817a93026e8eaf1793e7b770cf588e.js:0
[  436960ms] [WARNING] LaTeX-incompatible input and strict mode is set to 'warn': Unicode text character "述" used in math mode [unicodeTextInMathMode] @ https://static001.geekbang.org/static/time/js/katex.f3817a93026e8eaf1793e7b770cf588e.js:0
[  436961ms] [WARNING] LaTeX-incompatible input and strict mode is set to 'warn': Unicode text character "数" used in math mode [unicodeTextInMathMode] @ https://static001.geekbang.org/static/time/js/katex.f3817a93026e8eaf1793e7b770cf588e.js:0
[  436961ms] [WARNING] No character metrics for '精' in style 'Main-Regular' @ https://static001.geekbang.org/static/time/js/katex.f3817a93026e8eaf1793e7b770cf588e.js:0
[  436961ms] [WARNING] No character metrics for '度' in style 'Main-Regular' @ https://static001.geekbang.org/static/time/js/katex.f3817a93026e8eaf1793e7b770cf588e.js:0
[  436961ms] [WARNING] No character metrics for '匹' in style 'Main-Regular' @ https://static001.geekbang.org/static/time/js/katex.f3817a93026e8eaf1793e7b770cf588e.js:0
[  436961ms] [WARNING] No character metrics for '配' in style 'Main-Regular' @ https://static001.geekbang.org/static/time/js/katex.f3817a93026e8eaf1793e7b770cf588e.js:0
[  436961ms] [WARNING] No character metrics for '数' in style 'Main-Regular' @ https://static001.geekbang.org/static/time/js/katex.f3817a93026e8eaf1793e7b770cf588e.js:0
[  436962ms] [WARNING] No character metrics for '复' in style 'Main-Regular' @ https://static001.geekbang.org/static/time/js/katex.f3817a93026e8eaf1793e7b770cf588e.js:0
[  436962ms] [WARNING] No character metrics for '述' in style 'Main-Regular' @ https://static001.geekbang.org/static/time/js/katex.f3817a93026e8eaf1793e7b770cf588e.js:0
[  436962ms] [WARNING] No character metrics for '数' in style 'Main-Regular' @ https://static001.geekbang.org/static/time/js/katex.f3817a93026e8eaf1793e7b770cf588e.js:0
[  436964ms] [WARNING] LaTeX-incompatible input and strict mode is set to 'warn': Unicode text character "几" used in math mode [unicodeTextInMathMode] @ https://static001.geekbang.org/static/time/js/katex.f3817a93026e8eaf1793e7b770cf588e.js:0
[  436965ms] [WARNING] LaTeX-incompatible input and strict mode is set to 'warn': Unicode text character "何" used in math mode [unicodeTextInMathMode] @ https://static001.geekbang.org/static/time/js/katex.f3817a93026e8eaf1793e7b770cf588e.js:0
[  436965ms] [WARNING] LaTeX-incompatible input and strict mode is set to 'warn': Unicode text character "平" used in math mode [unicodeTextInMathMode] @ https://static001.geekbang.org/static/time/js/katex.f3817a93026e8eaf1793e7b770cf588e.js:0
[  436965ms] [WARNING] LaTeX-incompatible input and strict mode is set to 'warn': Unicode text character "均" used in math mode [unicodeTextInMathMode] @ https://static001.geekbang.org/static/time/js/katex.f3817a93026e8eaf1793e7b770cf588e.js:0
[  436965ms] [WARNING] LaTeX-incompatible input and strict mode is set to 'warn': Unicode text character "精" used in math mode [unicodeTextInMathMode] @ https://static001.geekbang.org/static/time/js/katex.f3817a93026e8eaf1793e7b770cf588e.js:0
[  436965ms] [WARNING] LaTeX-incompatible input and strict mode is set to 'warn': Unicode text character "度" used in math mode [unicodeTextInMathMode] @ https://static001.geekbang.org/static/time/js/katex.f3817a93026e8eaf1793e7b770cf588e.js:0
[  436965ms] [WARNING] LaTeX-incompatible input and strict mode is set to 'warn': Unicode text character "精" used in math mode [unicodeTextInMathMode] @ https://static001.geekbang.org/static/time/js/katex.f3817a93026e8eaf1793e7b770cf588e.js:0
[  436965ms] [WARNING] LaTeX-incompatible input and strict mode is set to 'warn': Unicode text character "度" used in math mode [unicodeTextInMathMode] @ https://static001.geekbang.org/static/time/js/katex.f3817a93026e8eaf1793e7b770cf588e.js:0
[  436966ms] [WARNING] LaTeX-incompatible input and strict mode is set to 'warn': Unicode text character "精" used in math mode [unicodeTextInMathMode] @ https://static001.geekbang.org/static/time/js/katex.f3817a93026e8eaf1793e7b770cf588e.js:0
[  436966ms] [WARNING] LaTeX-incompatible input and strict mode is set to 'warn': Unicode text character "度" used in math mode [unicodeTextInMathMode] @ https://static001.geekbang.org/static/time/js/katex.f3817a93026e8eaf1793e7b770cf588e.js:0
[  436966ms] [WARNING] LaTeX-incompatible input and strict mode is set to 'warn': Unicode text character "精" used in math mode [unicodeTextInMathMode] @ https://static001.geekbang.org/static/time/js/katex.f3817a93026e8eaf1793e7b770cf588e.js:0
[  436966ms] [WARNING] LaTeX-incompatible input and strict mode is set to 'warn': Unicode text character "度" used in math mode [unicodeTextInMathMode] @ https://static001.geekbang.org/static/time/js/katex.f3817a93026e8eaf1793e7b770cf588e.js:0
[  436967ms] [WARNING] LaTeX-incompatible input and strict mode is set to 'warn': Unicode text character "精" used in math mode [unicodeTextInMathMode] @ https://static001.geekbang.org/static/time/js/katex.f3817a93026e8eaf1793e7b770cf588e.js:0
[  436967ms] [WARNING] LaTeX-incompatible input and strict mode is set to 'warn': Unicode text character "度" used in math mode [unicodeTextInMathMode] @ https://static001.geekbang.org/static/time/js/katex.f3817a93026e8eaf1793e7b770cf588e.js:0
[  436967ms] [WARNING] No character metrics for '几' in style 'Main-Regular' @ https://static001.geekbang.org/static/time/js/katex.f3817a93026e8eaf1793e7b770cf588e.js:0
[  436967ms] [WARNING] No character metrics for '何' in style 'Main-Regular' @ https://static001.geekbang.org/static/time/js/katex.f3817a93026e8eaf1793e7b770cf588e.js:0
[  436968ms] [WARNING] No character metrics for '平' in style 'Main-Regular' @ https://static001.geekbang.org/static/time/js/katex.f3817a93026e8eaf1793e7b770cf588e.js:0
[  436968ms] [WARNING] No character metrics for '均' in style 'Main-Regular' @ https://static001.geekbang.org/static/time/js/katex.f3817a93026e8eaf1793e7b770cf588e.js:0
[  436968ms] [WARNING] No character metrics for '精' in style 'Main-Regular' @ https://static001.geekbang.org/static/time/js/katex.f3817a93026e8eaf1793e7b770cf588e.js:0
[  436968ms] [WARNING] No character metrics for '度' in style 'Main-Regular' @ https://static001.geekbang.org/static/time/js/katex.f3817a93026e8eaf1793e7b770cf588e.js:0
[  436968ms] [WARNING] No character metrics for '精' in style 'Main-Regular' @ https://static001.geekbang.org/static/time/js/katex.f3817a93026e8eaf1793e7b770cf588e.js:0
[  436968ms] [WARNING] No character metrics for '度' in style 'Main-Regular' @ https://static001.geekbang.org/static/time/js/katex.f3817a93026e8eaf1793e7b770cf588e.js:0
[  436968ms] [WARNING] No character metrics for '精' in style 'Main-Regular' @ https://static001.geekbang.org/static/time/js/katex.f3817a93026e8eaf1793e7b770cf588e.js:0
[  436969ms] [WARNING] No character metrics for '度' in style 'Main-Regular' @ https://static001.geekbang.org/static/time/js/katex.f3817a93026e8eaf1793e7b770cf588e.js:0
[  436969ms] [WARNING] No character metrics for '精' in style 'Main-Regular' @ https://static001.geekbang.org/static/time/js/katex.f3817a93026e8eaf1793e7b770cf588e.js:0
[  436969ms] [WARNING] No character metrics for '度' in style 'Main-Regular' @ https://static001.geekbang.org/static/time/js/katex.f3817a93026e8eaf1793e7b770cf588e.js:0
[  436969ms] [WARNING] No character metrics for '精' in style 'Main-Regular' @ https://static001.geekbang.org/static/time/js/katex.f3817a93026e8eaf1793e7b770cf588e.js:0
[  436969ms] [WARNING] No character metrics for '度' in style 'Main-Regular' @ https://static001.geekbang.org/static/time/js/katex.f3817a93026e8eaf1793e7b770cf588e.js:0
[  436991ms] [WARNING] LaTeX-incompatible input and strict mode is set to 'warn': Unicode text character "的" used in math mode [unicodeTextInMathMode] @ https://static001.geekbang.org/static/time/js/katex.f3817a93026e8eaf1793e7b770cf588e.js:0
[  436991ms] [WARNING] LaTeX-incompatible input and strict mode is set to 'warn': Unicode text character "召" used in math mode [unicodeTextInMathMode] @ https://static001.geekbang.org/static/time/js/katex.f3817a93026e8eaf1793e7b770cf588e.js:0
[  436991ms] [WARNING] LaTeX-incompatible input and strict mode is set to 'warn': Unicode text character "回" used in math mode [unicodeTextInMathMode] @ https://static001.geekbang.org/static/time/js/katex.f3817a93026e8eaf1793e7b770cf588e.js:0
[  436991ms] [WARNING] LaTeX-incompatible input and strict mode is set to 'warn': Unicode text character "率" used in math mode [unicodeTextInMathMode] @ https://static001.geekbang.org/static/time/js/katex.f3817a93026e8eaf1793e7b770cf588e.js:0
[  436991ms] [WARNING] LaTeX-incompatible input and strict mode is set to 'warn': Unicode text character "匹" used in math mode [unicodeTextInMathMode] @ https://static001.geekbang.org/static/time/js/katex.f3817a93026e8eaf1793e7b770cf588e.js:0
[  436992ms] [WARNING] LaTeX-incompatible input and strict mode is set to 'warn': Unicode text character "配" used in math mode [unicodeTextInMathMode] @ https://static001.geekbang.org/static/time/js/katex.f3817a93026e8eaf1793e7b770cf588e.js:0
[  436992ms] [WARNING] LaTeX-incompatible input and strict mode is set to 'warn': Unicode text character "的" used in math mode [unicodeTextInMathMode] @ https://static001.geekbang.org/static/time/js/katex.f3817a93026e8eaf1793e7b770cf588e.js:0
[  436992ms] [WARNING] LaTeX-incompatible input and strict mode is set to 'warn': Unicode text character "单" used in math mode [unicodeTextInMathMode] @ https://static001.geekbang.org/static/time/js/katex.f3817a93026e8eaf1793e7b770cf588e.js:0
[  436992ms] [WARNING] LaTeX-incompatible input and strict mode is set to 'warn': Unicode text character "词" used in math mode [unicodeTextInMathMode] @ https://static001.geekbang.org/static/time/js/katex.f3817a93026e8eaf1793e7b770cf588e.js:0
[  436992ms] [WARNING] LaTeX-incompatible input and strict mode is set to 'warn': Unicode text character "数" used in math mode [unicodeTextInMathMode] @ https://static001.geekbang.org/static/time/js/katex.f3817a93026e8eaf1793e7b770cf588e.js:0
[  436992ms] [WARNING] LaTeX-incompatible input and strict mode is set to 'warn': Unicode text character "你" used in math mode [unicodeTextInMathMode] @ https://static001.geekbang.org/static/time/js/katex.f3817a93026e8eaf1793e7b770cf588e.js:0
[  436992ms] [WARNING] LaTeX-incompatible input and strict mode is set to 'warn': Unicode text character "的" used in math mode [unicodeTextInMathMode] @ https://static001.geekbang.org/static/time/js/katex.f3817a93026e8eaf1793e7b770cf588e.js:0
[  436992ms] [WARNING] LaTeX-incompatible input and strict mode is set to 'warn': Unicode text character "笔" used in math mode [unicodeTextInMathMode] @ https://static001.geekbang.org/static/time/js/katex.f3817a93026e8eaf1793e7b770cf588e.js:0
[  436993ms] [WARNING] LaTeX-incompatible input and strict mode is set to 'warn': Unicode text character "记" used in math mode [unicodeTextInMathMode] @ https://static001.geekbang.org/static/time/js/katex.f3817a93026e8eaf1793e7b770cf588e.js:0
[  436993ms] [WARNING] LaTeX-incompatible input and strict mode is set to 'warn': Unicode text character "单" used in math mode [unicodeTextInMathMode] @ https://static001.geekbang.org/static/time/js/katex.f3817a93026e8eaf1793e7b770cf588e.js:0
[  436993ms] [WARNING] LaTeX-incompatible input and strict mode is set to 'warn': Unicode text character "词" used in math mode [unicodeTextInMathMode] @ https://static001.geekbang.org/static/time/js/katex.f3817a93026e8eaf1793e7b770cf588e.js:0
[  436993ms] [WARNING] LaTeX-incompatible input and strict mode is set to 'warn': Unicode text character "数" used in math mode [unicodeTextInMathMode] @ https://static001.geekbang.org/static/time/js/katex.f3817a93026e8eaf1793e7b770cf588e.js:0
[  436993ms] [WARNING] LaTeX-incompatible input and strict mode is set to 'warn': Unicode text character "量" used in math mode [unicodeTextInMathMode] @ https://static001.geekbang.org/static/time/js/katex.f3817a93026e8eaf1793e7b770cf588e.js:0
[  436993ms] [WARNING] No character metrics for '的' in style 'Main-Regular' @ https://static001.geekbang.org/static/time/js/katex.f3817a93026e8eaf1793e7b770cf588e.js:0
[  436994ms] [WARNING] No character metrics for '召' in style 'Main-Regular' @ https://static001.geekbang.org/static/time/js/katex.f3817a93026e8eaf1793e7b770cf588e.js:0
[  436994ms] [WARNING] No character metrics for '回' in style 'Main-Regular' @ https://static001.geekbang.org/static/time/js/katex.f3817a93026e8eaf1793e7b770cf588e.js:0
[  436994ms] [WARNING] No character metrics for '率' in style 'Main-Regular' @ https://static001.geekbang.org/static/time/js/katex.f3817a93026e8eaf1793e7b770cf588e.js:0
[  436994ms] [WARNING] No character metrics for '匹' in style 'Main-Regular' @ https://static001.geekbang.org/static/time/js/katex.f3817a93026e8eaf1793e7b770cf588e.js:0
[  436994ms] [WARNING] No character metrics for '配' in style 'Main-Regular' @ https://static001.geekbang.org/static/time/js/katex.f3817a93026e8eaf1793e7b770cf588e.js:0
[  436994ms] [WARNING] No character metrics for '的' in style 'Main-Regular' @ https://static001.geekbang.org/static/time/js/katex.f3817a93026e8eaf1793e7b770cf588e.js:0
[  436994ms] [WARNING] No character metrics for '单' in style 'Main-Regular' @ https://static001.geekbang.org/static/time/js/katex.f3817a93026e8eaf1793e7b770cf588e.js:0
[  436995ms] [WARNING] No character metrics for '词' in style 'Main-Regular' @ https://static001.geekbang.org/static/time/js/katex.f3817a93026e8eaf1793e7b770cf588e.js:0
[  436995ms] [WARNING] No character metrics for '数' in style 'Main-Regular' @ https://static001.geekbang.org/static/time/js/katex.f3817a93026e8eaf1793e7b770cf588e.js:0
[  436995ms] [WARNING] No character metrics for '你' in style 'Main-Regular' @ https://static001.geekbang.org/static/time/js/katex.f3817a93026e8eaf1793e7b770cf588e.js:0
[  436995ms] [WARNING] No character metrics for '的' in style 'Main-Regular' @ https://static001.geekbang.org/static/time/js/katex.f3817a93026e8eaf1793e7b770cf588e.js:0
[  436995ms] [WARNING] No character metrics for '笔' in style 'Main-Regular' @ https://static001.geekbang.org/static/time/js/katex.f3817a93026e8eaf1793e7b770cf588e.js:0
[  436995ms] [WARNING] No character metrics for '记' in style 'Main-Regular' @ https://static001.geekbang.org/static/time/js/katex.f3817a93026e8eaf1793e7b770cf588e.js:0
[  436995ms] [WARNING] No character metrics for '单' in style 'Main-Regular' @ https://static001.geekbang.org/static/time/js/katex.f3817a93026e8eaf1793e7b770cf588e.js:0
[  436995ms] [WARNING] No character metrics for '词' in style 'Main-Regular' @ https://static001.geekbang.org/static/time/js/katex.f3817a93026e8eaf1793e7b770cf588e.js:0
[  436996ms] [WARNING] No character metrics for '数' in style 'Main-Regular' @ https://static001.geekbang.org/static/time/js/katex.f3817a93026e8eaf1793e7b770cf588e.js:0
[  436996ms] [WARNING] No character metrics for '量' in style 'Main-Regular' @ https://static001.geekbang.org/static/time/js/katex.f3817a93026e8eaf1793e7b770cf588e.js:0
[  436997ms] [WARNING] LaTeX-incompatible input and strict mode is set to 'warn': Unicode text character "的" used in math mode [unicodeTextInMathMode] @ https://static001.geekbang.org/static/time/js/katex.f3817a93026e8eaf1793e7b770cf588e.js:0
[  436997ms] [WARNING] LaTeX-incompatible input and strict mode is set to 'warn': Unicode text character "精" used in math mode [unicodeTextInMathMode] @ https://static001.geekbang.org/static/time/js/katex.f3817a93026e8eaf1793e7b770cf588e.js:0
[  436997ms] [WARNING] LaTeX-incompatible input and strict mode is set to 'warn': Unicode text character "确" used in math mode [unicodeTextInMathMode] @ https://static001.geekbang.org/static/time/js/katex.f3817a93026e8eaf1793e7b770cf588e.js:0
[  436998ms] [WARNING] LaTeX-incompatible input and strict mode is set to 'warn': Unicode text character "度" used in math mode [unicodeTextInMathMode] @ https://static001.geekbang.org/static/time/js/katex.f3817a93026e8eaf1793e7b770cf588e.js:0
[  436998ms] [WARNING] LaTeX-incompatible input and strict mode is set to 'warn': Unicode text character "匹" used in math mode [unicodeTextInMathMode] @ https://static001.geekbang.org/static/time/js/katex.f3817a93026e8eaf1793e7b770cf588e.js:0
[  436998ms] [WARNING] LaTeX-incompatible input and strict mode is set to 'warn': Unicode text character "配" used in math mode [unicodeTextInMathMode] @ https://static001.geekbang.org/static/time/js/katex.f3817a93026e8eaf1793e7b770cf588e.js:0
[  436998ms] [WARNING] LaTeX-incompatible input and strict mode is set to 'warn': Unicode text character "的" used in math mode [unicodeTextInMathMode] @ https://static001.geekbang.org/static/time/js/katex.f3817a93026e8eaf1793e7b770cf588e.js:0
[  436998ms] [WARNING] LaTeX-incompatible input and strict mode is set to 'warn': Unicode text character "单" used in math mode [unicodeTextInMathMode] @ https://static001.geekbang.org/static/time/js/katex.f3817a93026e8eaf1793e7b770cf588e.js:0
[  436998ms] [WARNING] LaTeX-incompatible input and strict mode is set to 'warn': Unicode text character "词" used in math mode [unicodeTextInMathMode] @ https://static001.geekbang.org/static/time/js/katex.f3817a93026e8eaf1793e7b770cf588e.js:0
[  436999ms] [WARNING] LaTeX-incompatible input and strict mode is set to 'warn': Unicode text character "数" used in math mode [unicodeTextInMathMode] @ https://static001.geekbang.org/static/time/js/katex.f3817a93026e8eaf1793e7b770cf588e.js:0
[  436999ms] [WARNING] LaTeX-incompatible input and strict mode is set to 'warn': Unicode text character "小" used in math mode [unicodeTextInMathMode] @ https://static001.geekbang.org/static/time/js/katex.f3817a93026e8eaf1793e7b770cf588e.js:0
[  436999ms] [WARNING] LaTeX-incompatible input and strict mode is set to 'warn': Unicode text character "明" used in math mode [unicodeTextInMathMode] @ https://static001.geekbang.org/static/time/js/katex.f3817a93026e8eaf1793e7b770cf588e.js:0
[  436999ms] [WARNING] LaTeX-incompatible input and strict mode is set to 'warn': Unicode text character "记" used in math mode [unicodeTextInMathMode] @ https://static001.geekbang.org/static/time/js/katex.f3817a93026e8eaf1793e7b770cf588e.js:0
[  436999ms] [WARNING] LaTeX-incompatible input and strict mode is set to 'warn': Unicode text character "录" used in math mode [unicodeTextInMathMode] @ https://static001.geekbang.org/static/time/js/katex.f3817a93026e8eaf1793e7b770cf588e.js:0
[  436999ms] [WARNING] LaTeX-incompatible input and strict mode is set to 'warn': Unicode text character "的" used in math mode [unicodeTextInMathMode] @ https://static001.geekbang.org/static/time/js/katex.f3817a93026e8eaf1793e7b770cf588e.js:0
[  436999ms] [WARNING] LaTeX-incompatible input and strict mode is set to 'warn': Unicode text character "笔" used in math mode [unicodeTextInMathMode] @ https://static001.geekbang.org/static/time/js/katex.f3817a93026e8eaf1793e7b770cf588e.js:0
[  436999ms] [WARNING] LaTeX-incompatible input and strict mode is set to 'warn': Unicode text character "记" used in math mode [unicodeTextInMathMode] @ https://static001.geekbang.org/static/time/js/katex.f3817a93026e8eaf1793e7b770cf588e.js:0
[  437000ms] [WARNING] LaTeX-incompatible input and strict mode is set to 'warn': Unicode text character "单" used in math mode [unicodeTextInMathMode] @ https://static001.geekbang.org/static/time/js/katex.f3817a93026e8eaf1793e7b770cf588e.js:0
[  437000ms] [WARNING] LaTeX-incompatible input and strict mode is set to 'warn': Unicode text character "词" used in math mode [unicodeTextInMathMode] @ https://static001.geekbang.org/static/time/js/katex.f3817a93026e8eaf1793e7b770cf588e.js:0
[  437000ms] [WARNING] LaTeX-incompatible input and strict mode is set to 'warn': Unicode text character "数" used in math mode [unicodeTextInMathMode] @ https://static001.geekbang.org/static/time/js/katex.f3817a93026e8eaf1793e7b770cf588e.js:0
[  437000ms] [WARNING] LaTeX-incompatible input and strict mode is set to 'warn': Unicode text character "量" used in math mode [unicodeTextInMathMode] @ https://static001.geekbang.org/static/time/js/katex.f3817a93026e8eaf1793e7b770cf588e.js:0
[  437000ms] [WARNING] No character metrics for '的' in style 'Main-Regular' @ https://static001.geekbang.org/static/time/js/katex.f3817a93026e8eaf1793e7b770cf588e.js:0
[  437000ms] [WARNING] No character metrics for '精' in style 'Main-Regular' @ https://static001.geekbang.org/static/time/js/katex.f3817a93026e8eaf1793e7b770cf588e.js:0
[  437001ms] [WARNING] No character metrics for '确' in style 'Main-Regular' @ https://static001.geekbang.org/static/time/js/katex.f3817a93026e8eaf1793e7b770cf588e.js:0
[  437001ms] [WARNING] No character metrics for '度' in style 'Main-Regular' @ https://static001.geekbang.org/static/time/js/katex.f3817a93026e8eaf1793e7b770cf588e.js:0
[  437001ms] [WARNING] No character metrics for '匹' in style 'Main-Regular' @ https://static001.geekbang.org/static/time/js/katex.f3817a93026e8eaf1793e7b770cf588e.js:0
[  437001ms] [WARNING] No character metrics for '配' in style 'Main-Regular' @ https://static001.geekbang.org/static/time/js/katex.f3817a93026e8eaf1793e7b770cf588e.js:0
[  437001ms] [WARNING] No character metrics for '的' in style 'Main-Regular' @ https://static001.geekbang.org/static/time/js/katex.f3817a93026e8eaf1793e7b770cf588e.js:0
[  437002ms] [WARNING] No character metrics for '单' in style 'Main-Regular' @ https://static001.geekbang.org/static/time/js/katex.f3817a93026e8eaf1793e7b770cf588e.js:0
[  437002ms] [WARNING] No character metrics for '词' in style 'Main-Regular' @ https://static001.geekbang.org/static/time/js/katex.f3817a93026e8eaf1793e7b770cf588e.js:0
[  437002ms] [WARNING] No character metrics for '数' in style 'Main-Regular' @ https://static001.geekbang.org/static/time/js/katex.f3817a93026e8eaf1793e7b770cf588e.js:0
[  437002ms] [WARNING] No character metrics for '小' in style 'Main-Regular' @ https://static001.geekbang.org/static/time/js/katex.f3817a93026e8eaf1793e7b770cf588e.js:0
[  437002ms] [WARNING] No character metrics for '明' in style 'Main-Regular' @ https://static001.geekbang.org/static/time/js/katex.f3817a93026e8eaf1793e7b770cf588e.js:0
[  437002ms] [WARNING] No character metrics for '记' in style 'Main-Regular' @ https://static001.geekbang.org/static/time/js/katex.f3817a93026e8eaf1793e7b770cf588e.js:0
[  437002ms] [WARNING] No character metrics for '录' in style 'Main-Regular' @ https://static001.geekbang.org/static/time/js/katex.f3817a93026e8eaf1793e7b770cf588e.js:0
[  437002ms] [WARNING] No character metrics for '的' in style 'Main-Regular' @ https://static001.geekbang.org/static/time/js/katex.f3817a93026e8eaf1793e7b770cf588e.js:0
[  437003ms] [WARNING] No character metrics for '笔' in style 'Main-Regular' @ https://static001.geekbang.org/static/time/js/katex.f3817a93026e8eaf1793e7b770cf588e.js:0
[  437003ms] [WARNING] No character metrics for '记' in style 'Main-Regular' @ https://static001.geekbang.org/static/time/js/katex.f3817a93026e8eaf1793e7b770cf588e.js:0
[  437003ms] [WARNING] No character metrics for '单' in style 'Main-Regular' @ https://static001.geekbang.org/static/time/js/katex.f3817a93026e8eaf1793e7b770cf588e.js:0
[  437003ms] [WARNING] No character metrics for '词' in style 'Main-Regular' @ https://static001.geekbang.org/static/time/js/katex.f3817a93026e8eaf1793e7b770cf588e.js:0
[  437003ms] [WARNING] No character metrics for '数' in style 'Main-Regular' @ https://static001.geekbang.org/static/time/js/katex.f3817a93026e8eaf1793e7b770cf588e.js:0
[  437003ms] [WARNING] No character metrics for '量' in style 'Main-Regular' @ https://static001.geekbang.org/static/time/js/katex.f3817a93026e8eaf1793e7b770cf588e.js:0
[  437005ms] [WARNING] LaTeX-incompatible input and strict mode is set to 'warn': Unicode text character "的" used in math mode [unicodeTextInMathMode] @ https://static001.geekbang.org/static/time/js/katex.f3817a93026e8eaf1793e7b770cf588e.js:0
[  437005ms] [WARNING] LaTeX-incompatible input and strict mode is set to 'warn': Unicode text character "分" used in math mode [unicodeTextInMathMode] @ https://static001.geekbang.org/static/time/js/katex.f3817a93026e8eaf1793e7b770cf588e.js:0
[  437005ms] [WARNING] LaTeX-incompatible input and strict mode is set to 'warn': Unicode text character "（" used in math mode [unicodeTextInMathMode] @ https://static001.geekbang.org/static/time/js/katex.f3817a93026e8eaf1793e7b770cf588e.js:0
[  437005ms] [WARNING] No character metrics for '的' in style 'Main-Regular' @ https://static001.geekbang.org/static/time/js/katex.f3817a93026e8eaf1793e7b770cf588e.js:0
[  437006ms] [WARNING] No character metrics for '分' in style 'Main-Regular' @ https://static001.geekbang.org/static/time/js/katex.f3817a93026e8eaf1793e7b770cf588e.js:0
[  437006ms] [WARNING] No character metrics for '（' in style 'Main-Regular' @ https://static001.geekbang.org/static/time/js/katex.f3817a93026e8eaf1793e7b770cf588e.js:0
[  437010ms] [WARNING] LaTeX-incompatible input and strict mode is set to 'warn': Unicode text character "的" used in math mode [unicodeTextInMathMode] @ https://static001.geekbang.org/static/time/js/katex.f3817a93026e8eaf1793e7b770cf588e.js:0
[  437010ms] [WARNING] LaTeX-incompatible input and strict mode is set to 'warn': Unicode text character "召" used in math mode [unicodeTextInMathMode] @ https://static001.geekbang.org/static/time/js/katex.f3817a93026e8eaf1793e7b770cf588e.js:0
[  437010ms] [WARNING] LaTeX-incompatible input and strict mode is set to 'warn': Unicode text character "回" used in math mode [unicodeTextInMathMode] @ https://static001.geekbang.org/static/time/js/katex.f3817a93026e8eaf1793e7b770cf588e.js:0
[  437011ms] [WARNING] LaTeX-incompatible input and strict mode is set to 'warn': Unicode text character "率" used in math mode [unicodeTextInMathMode] @ https://static001.geekbang.org/static/time/js/katex.f3817a93026e8eaf1793e7b770cf588e.js:0
[  437011ms] [WARNING] LaTeX-incompatible input and strict mode is set to 'warn': Unicode text character "长" used in math mode [unicodeTextInMathMode] @ https://static001.geekbang.org/static/time/js/katex.f3817a93026e8eaf1793e7b770cf588e.js:0
[  437011ms] [WARNING] LaTeX-incompatible input and strict mode is set to 'warn': Unicode text character "度" used in math mode [unicodeTextInMathMode] @ https://static001.geekbang.org/static/time/js/katex.f3817a93026e8eaf1793e7b770cf588e.js:0
[  437011ms] [WARNING] LaTeX-incompatible input and strict mode is set to 'warn': Unicode text character "你" used in math mode [unicodeTextInMathMode] @ https://static001.geekbang.org/static/time/js/katex.f3817a93026e8eaf1793e7b770cf588e.js:0
[  437011ms] [WARNING] LaTeX-incompatible input and strict mode is set to 'warn': Unicode text character "的" used in math mode [unicodeTextInMathMode] @ https://static001.geekbang.org/static/time/js/katex.f3817a93026e8eaf1793e7b770cf588e.js:0
[  437011ms] [WARNING] LaTeX-incompatible input and strict mode is set to 'warn': Unicode text character "笔" used in math mode [unicodeTextInMathMode] @ https://static001.geekbang.org/static/time/js/katex.f3817a93026e8eaf1793e7b770cf588e.js:0
[  437011ms] [WARNING] LaTeX-incompatible input and strict mode is set to 'warn': Unicode text character "记" used in math mode [unicodeTextInMathMode] @ https://static001.geekbang.org/static/time/js/katex.f3817a93026e8eaf1793e7b770cf588e.js:0
[  437011ms] [WARNING] LaTeX-incompatible input and strict mode is set to 'warn': Unicode text character "单" used in math mode [unicodeTextInMathMode] @ https://static001.geekbang.org/static/time/js/katex.f3817a93026e8eaf1793e7b770cf588e.js:0
[  437012ms] [WARNING] LaTeX-incompatible input and strict mode is set to 'warn': Unicode text character "词" used in math mode [unicodeTextInMathMode] @ https://static001.geekbang.org/static/time/js/katex.f3817a93026e8eaf1793e7b770cf588e.js:0
[  437012ms] [WARNING] LaTeX-incompatible input and strict mode is set to 'warn': Unicode text character "数" used in math mode [unicodeTextInMathMode] @ https://static001.geekbang.org/static/time/js/katex.f3817a93026e8eaf1793e7b770cf588e.js:0
[  437012ms] [WARNING] LaTeX-incompatible input and strict mode is set to 'warn': Unicode text character "量" used in math mode [unicodeTextInMathMode] @ https://static001.geekbang.org/static/time/js/katex.f3817a93026e8eaf1793e7b770cf588e.js:0
[  437012ms] [WARNING] No character metrics for '的' in style 'Main-Regular' @ https://static001.geekbang.org/static/time/js/katex.f3817a93026e8eaf1793e7b770cf588e.js:0
[  437012ms] [WARNING] No character metrics for '召' in style 'Main-Regular' @ https://static001.geekbang.org/static/time/js/katex.f3817a93026e8eaf1793e7b770cf588e.js:0
[  437012ms] [WARNING] No character metrics for '回' in style 'Main-Regular' @ https://static001.geekbang.org/static/time/js/katex.f3817a93026e8eaf1793e7b770cf588e.js:0
[  437013ms] [WARNING] No character metrics for '率' in style 'Main-Regular' @ https://static001.geekbang.org/static/time/js/katex.f3817a93026e8eaf1793e7b770cf588e.js:0
[  437013ms] [WARNING] No character metrics for '长' in style 'Main-Regular' @ https://static001.geekbang.org/static/time/js/katex.f3817a93026e8eaf1793e7b770cf588e.js:0
[  437013ms] [WARNING] No character metrics for '度' in style 'Main-Regular' @ https://static001.geekbang.org/static/time/js/katex.f3817a93026e8eaf1793e7b770cf588e.js:0
[  437013ms] [WARNING] No character metrics for '你' in style 'Main-Regular' @ https://static001.geekbang.org/static/time/js/katex.f3817a93026e8eaf1793e7b770cf588e.js:0
[  437013ms] [WARNING] No character metrics for '的' in style 'Main-Regular' @ https://static001.geekbang.org/static/time/js/katex.f3817a93026e8eaf1793e7b770cf588e.js:0
[  437013ms] [WARNING] No character metrics for '笔' in style 'Main-Regular' @ https://static001.geekbang.org/static/time/js/katex.f3817a93026e8eaf1793e7b770cf588e.js:0
[  437013ms] [WARNING] No character metrics for '记' in style 'Main-Regular' @ https://static001.geekbang.org/static/time/js/katex.f3817a93026e8eaf1793e7b770cf588e.js:0
[  437013ms] [WARNING] No character metrics for '单' in style 'Main-Regular' @ https://static001.geekbang.org/static/time/js/katex.f3817a93026e8eaf1793e7b770cf588e.js:0
[  437014ms] [WARNING] No character metrics for '词' in style 'Main-Regular' @ https://static001.geekbang.org/static/time/js/katex.f3817a93026e8eaf1793e7b770cf588e.js:0
[  437014ms] [WARNING] No character metrics for '数' in style 'Main-Regular' @ https://static001.geekbang.org/static/time/js/katex.f3817a93026e8eaf1793e7b770cf588e.js:0
[  437014ms] [WARNING] No character metrics for '量' in style 'Main-Regular' @ https://static001.geekbang.org/static/time/js/katex.f3817a93026e8eaf1793e7b770cf588e.js:0
[  437016ms] [WARNING] LaTeX-incompatible input and strict mode is set to 'warn': Unicode text character "的" used in math mode [unicodeTextInMathMode] @ https://static001.geekbang.org/static/time/js/katex.f3817a93026e8eaf1793e7b770cf588e.js:0
[  437016ms] [WARNING] LaTeX-incompatible input and strict mode is set to 'warn': Unicode text character "精" used in math mode [unicodeTextInMathMode] @ https://static001.geekbang.org/static/time/js/katex.f3817a93026e8eaf1793e7b770cf588e.js:0
[  437016ms] [WARNING] LaTeX-incompatible input and strict mode is set to 'warn': Unicode text character "确" used in math mode [unicodeTextInMathMode] @ https://static001.geekbang.org/static/time/js/katex.f3817a93026e8eaf1793e7b770cf588e.js:0
[  437016ms] [WARNING] LaTeX-incompatible input and strict mode is set to 'warn': Unicode text character "度" used in math mode [unicodeTextInMathMode] @ https://static001.geekbang.org/static/time/js/katex.f3817a93026e8eaf1793e7b770cf588e.js:0
[  437016ms] [WARNING] LaTeX-incompatible input and strict mode is set to 'warn': Unicode text character "长" used in math mode [unicodeTextInMathMode] @ https://static001.geekbang.org/static/time/js/katex.f3817a93026e8eaf1793e7b770cf588e.js:0
[  437017ms] [WARNING] LaTeX-incompatible input and strict mode is set to 'warn': Unicode text character "度" used in math mode [unicodeTextInMathMode] @ https://static001.geekbang.org/static/time/js/katex.f3817a93026e8eaf1793e7b770cf588e.js:0
[  437017ms] [WARNING] LaTeX-incompatible input and strict mode is set to 'warn': Unicode text character "小" used in math mode [unicodeTextInMathMode] @ https://static001.geekbang.org/static/time/js/katex.f3817a93026e8eaf1793e7b770cf588e.js:0
[  437017ms] [WARNING] LaTeX-incompatible input and strict mode is set to 'warn': Unicode text character "明" used in math mode [unicodeTextInMathMode] @ https://static001.geekbang.org/static/time/js/katex.f3817a93026e8eaf1793e7b770cf588e.js:0
[  437017ms] [WARNING] LaTeX-incompatible input and strict mode is set to 'warn': Unicode text character "记" used in math mode [unicodeTextInMathMode] @ https://static001.geekbang.org/static/time/js/katex.f3817a93026e8eaf1793e7b770cf588e.js:0
[  437017ms] [WARNING] LaTeX-incompatible input and strict mode is set to 'warn': Unicode text character "录" used in math mode [unicodeTextInMathMode] @ https://static001.geekbang.org/static/time/js/katex.f3817a93026e8eaf1793e7b770cf588e.js:0
[  437018ms] [WARNING] LaTeX-incompatible input and strict mode is set to 'warn': Unicode text character "的" used in math mode [unicodeTextInMathMode] @ https://static001.geekbang.org/static/time/js/katex.f3817a93026e8eaf1793e7b770cf588e.js:0
[  437018ms] [WARNING] LaTeX-incompatible input and strict mode is set to 'warn': Unicode text character "笔" used in math mode [unicodeTextInMathMode] @ https://static001.geekbang.org/static/time/js/katex.f3817a93026e8eaf1793e7b770cf588e.js:0
[  437018ms] [WARNING] LaTeX-incompatible input and strict mode is set to 'warn': Unicode text character "记" used in math mode [unicodeTextInMathMode] @ https://static001.geekbang.org/static/time/js/katex.f3817a93026e8eaf1793e7b770cf588e.js:0
[  437018ms] [WARNING] LaTeX-incompatible input and strict mode is set to 'warn': Unicode text character "单" used in math mode [unicodeTextInMathMode] @ https://static001.geekbang.org/static/time/js/katex.f3817a93026e8eaf1793e7b770cf588e.js:0
[  437018ms] [WARNING] LaTeX-incompatible input and strict mode is set to 'warn': Unicode text character "词" used in math mode [unicodeTextInMathMode] @ https://static001.geekbang.org/static/time/js/katex.f3817a93026e8eaf1793e7b770cf588e.js:0
[  437018ms] [WARNING] LaTeX-incompatible input and strict mode is set to 'warn': Unicode text character "数" used in math mode [unicodeTextInMathMode] @ https://static001.geekbang.org/static/time/js/katex.f3817a93026e8eaf1793e7b770cf588e.js:0
[  437018ms] [WARNING] LaTeX-incompatible input and strict mode is set to 'warn': Unicode text character "量" used in math mode [unicodeTextInMathMode] @ https://static001.geekbang.org/static/time/js/katex.f3817a93026e8eaf1793e7b770cf588e.js:0
[  437019ms] [WARNING] No character metrics for '的' in style 'Main-Regular' @ https://static001.geekbang.org/static/time/js/katex.f3817a93026e8eaf1793e7b770cf588e.js:0
[  437019ms] [WARNING] No character metrics for '精' in style 'Main-Regular' @ https://static001.geekbang.org/static/time/js/katex.f3817a93026e8eaf1793e7b770cf588e.js:0
[  437019ms] [WARNING] No character metrics for '确' in style 'Main-Regular' @ https://static001.geekbang.org/static/time/js/katex.f3817a93026e8eaf1793e7b770cf588e.js:0
[  437019ms] [WARNING] No character metrics for '度' in style 'Main-Regular' @ https://static001.geekbang.org/static/time/js/katex.f3817a93026e8eaf1793e7b770cf588e.js:0
[  437019ms] [WARNING] No character metrics for '长' in style 'Main-Regular' @ https://static001.geekbang.org/static/time/js/katex.f3817a93026e8eaf1793e7b770cf588e.js:0
[  437019ms] [WARNING] No character metrics for '度' in style 'Main-Regular' @ https://static001.geekbang.org/static/time/js/katex.f3817a93026e8eaf1793e7b770cf588e.js:0
[  437020ms] [WARNING] No character metrics for '小' in style 'Main-Regular' @ https://static001.geekbang.org/static/time/js/katex.f3817a93026e8eaf1793e7b770cf588e.js:0
[  437020ms] [WARNING] No character metrics for '明' in style 'Main-Regular' @ https://static001.geekbang.org/static/time/js/katex.f3817a93026e8eaf1793e7b770cf588e.js:0
[  437020ms] [WARNING] No character metrics for '记' in style 'Main-Regular' @ https://static001.geekbang.org/static/time/js/katex.f3817a93026e8eaf1793e7b770cf588e.js:0
[  437020ms] [WARNING] No character metrics for '录' in style 'Main-Regular' @ https://static001.geekbang.org/static/time/js/katex.f3817a93026e8eaf1793e7b770cf588e.js:0
[  437020ms] [WARNING] No character metrics for '的' in style 'Main-Regular' @ https://static001.geekbang.org/static/time/js/katex.f3817a93026e8eaf1793e7b770cf588e.js:0
[  437020ms] [WARNING] No character metrics for '笔' in style 'Main-Regular' @ https://static001.geekbang.org/static/time/js/katex.f3817a93026e8eaf1793e7b770cf588e.js:0
[  437020ms] [WARNING] No character metrics for '记' in style 'Main-Regular' @ https://static001.geekbang.org/static/time/js/katex.f3817a93026e8eaf1793e7b770cf588e.js:0
[  437020ms] [WARNING] No character metrics for '单' in style 'Main-Regular' @ https://static001.geekbang.org/static/time/js/katex.f3817a93026e8eaf1793e7b770cf588e.js:0
[  437021ms] [WARNING] No character metrics for '词' in style 'Main-Regular' @ https://static001.geekbang.org/static/time/js/katex.f3817a93026e8eaf1793e7b770cf588e.js:0
[  437021ms] [WARNING] No character metrics for '数' in style 'Main-Regular' @ https://static001.geekbang.org/static/time/js/katex.f3817a93026e8eaf1793e7b770cf588e.js:0
[  437021ms] [WARNING] No character metrics for '量' in style 'Main-Regular' @ https://static001.geekbang.org/static/time/js/katex.f3817a93026e8eaf1793e7b770cf588e.js:0
[  437022ms] [WARNING] LaTeX-incompatible input and strict mode is set to 'warn': Unicode text character "的" used in math mode [unicodeTextInMathMode] @ https://static001.geekbang.org/static/time/js/katex.f3817a93026e8eaf1793e7b770cf588e.js:0
[  437023ms] [WARNING] LaTeX-incompatible input and strict mode is set to 'warn': Unicode text character "分" used in math mode [unicodeTextInMathMode] @ https://static001.geekbang.org/static/time/js/katex.f3817a93026e8eaf1793e7b770cf588e.js:0
[  437023ms] [WARNING] LaTeX-incompatible input and strict mode is set to 'warn': Unicode text character "（" used in math mode [unicodeTextInMathMode] @ https://static001.geekbang.org/static/time/js/katex.f3817a93026e8eaf1793e7b770cf588e.js:0
[  437023ms] [WARNING] No character metrics for '的' in style 'Main-Regular' @ https://static001.geekbang.org/static/time/js/katex.f3817a93026e8eaf1793e7b770cf588e.js:0
[  437023ms] [WARNING] No character metrics for '分' in style 'Main-Regular' @ https://static001.geekbang.org/static/time/js/katex.f3817a93026e8eaf1793e7b770cf588e.js:0
[  437024ms] [WARNING] No character metrics for '（' in style 'Main-Regular' @ https://static001.geekbang.org/static/time/js/katex.f3817a93026e8eaf1793e7b770cf588e.js:0
[  437302ms] [WARNING] Mixed Content: The page at 'https://time.geekbang.org/column/article/929854?code=pOsUqh75bTEqvziTmEyoJvqWpUi9%2FbTvXqWRXjoYuL0%3D' was loaded over HTTPS, but requested an insecure element 'http://thirdwx.qlogo.cn/mmopen/vi_32/DYAIOgq83erD8CwHKGGIia1HwRBxy5GxMLTfGGzOeLjrmZ6ich9Ng7bbPia89iaSibbldnV4uiaKNXFcO2vQ3ztibCrDw/132'. This request was automatically upgraded to HTTPS, For more information see https://blog.chromium.org/2019/10/no-more-mixed-messages-about-https.html @ https://time.geekbang.org/column/article/929854?code=pOsUqh75bTEqvziTmEyoJvqWpUi9%2FbTvXqWRXjoYuL0%3D:0
[  566921ms] [WARNING] Mixed Content: The page at 'https://time.geekbang.org/column/article/932196?code=pOsUqh75bTEqvziTmEyoJvqWpUi9%2FbTvXqWRXjoYuL0%3D' was loaded over HTTPS, but requested an insecure element 'http://thirdwx.qlogo.cn/mmopen/vi_32/DYAIOgq83erD8CwHKGGIia1HwRBxy5GxMLTfGGzOeLjrmZ6ich9Ng7bbPia89iaSibbldnV4uiaKNXFcO2vQ3ztibCrDw/132'. This request was automatically upgraded to HTTPS, For more information see https://blog.chromium.org/2019/10/no-more-mixed-messages-about-https.html @ https://time.geekbang.org/column/article/932196?code=pOsUqh75bTEqvziTmEyoJvqWpUi9%2FbTvXqWRXjoYuL0%3D:0
[  674553ms] [WARNING] Mixed Content: The page at 'https://time.geekbang.org/column/article/932691?code=pOsUqh75bTEqvziTmEyoJvqWpUi9%2FbTvXqWRXjoYuL0%3D' was loaded over HTTPS, but requested an insecure element 'http://thirdwx.qlogo.cn/mmopen/vi_32/DYAIOgq83erD8CwHKGGIia1HwRBxy5GxMLTfGGzOeLjrmZ6ich9Ng7bbPia89iaSibbldnV4uiaKNXFcO2vQ3ztibCrDw/132'. This request was automatically upgraded to HTTPS, For more information see https://blog.chromium.org/2019/10/no-more-mixed-messages-about-https.html @ https://time.geekbang.org/column/article/932691?code=pOsUqh75bTEqvziTmEyoJvqWpUi9%2FbTvXqWRXjoYuL0%3D:0
[ 1200201ms] [WARNING] Mixed Content: The page at 'https://time.geekbang.org/column/article/933738?code=pOsUqh75bTEqvziTmEyoJvqWpUi9%2FbTvXqWRXjoYuL0%3D' was loaded over HTTPS, but requested an insecure element 'http://thirdwx.qlogo.cn/mmopen/vi_32/DYAIOgq83erD8CwHKGGIia1HwRBxy5GxMLTfGGzOeLjrmZ6ich9Ng7bbPia89iaSibbldnV4uiaKNXFcO2vQ3ztibCrDw/132'. This request was automatically upgraded to HTTPS, For more information see https://blog.chromium.org/2019/10/no-more-mixed-messages-about-https.html @ https://time.geekbang.org/column/article/933738?code=pOsUqh75bTEqvziTmEyoJvqWpUi9%2FbTvXqWRXjoYuL0%3D:0
[ 1308631ms] [WARNING] Mixed Content: The page at 'https://time.geekbang.org/column/article/934504?code=pOsUqh75bTEqvziTmEyoJvqWpUi9%2FbTvXqWRXjoYuL0%3D' was loaded over HTTPS, but requested an insecure element 'http://thirdwx.qlogo.cn/mmopen/vi_32/DYAIOgq83erD8CwHKGGIia1HwRBxy5GxMLTfGGzOeLjrmZ6ich9Ng7bbPia89iaSibbldnV4uiaKNXFcO2vQ3ztibCrDw/132'. This request was automatically upgraded to HTTPS, For more information see https://blog.chromium.org/2019/10/no-more-mixed-messages-about-https.html @ https://time.geekbang.org/column/article/934504?code=pOsUqh75bTEqvziTmEyoJvqWpUi9%2FbTvXqWRXjoYuL0%3D:0
